<?xml version="1.0" encoding="UTF-8"?>
<!-- Generated by org.testng.reporters.JUnitReportReporter -->
<testsuite hostname="EG-PF3ZWBXW" failures="0" tests="1" name="testcases.dashboardandser" time="79.763" errors="0" timestamp="2025-05-22T10:54:17 EEST" skipped="0">
  <testcase classname="testcases.dashboardandser" name="dashboardandusertest" time="79.763"/>
</testsuite> <!-- testcases.dashboardandser -->
