<?xml version="1.0" encoding="UTF-8"?>
<!-- Generated by org.testng.reporters.JUnitReportReporter -->
<testsuite hostname="EG-PF3ZWBXW" failures="0" tests="1" name="testcases.loginTestcases" time="1.032" errors="0" timestamp="2025-05-20T16:19:04 EEST" skipped="0">
  <testcase classname="testcases.loginTestcases" name="login1" time="1.032"/>
</testsuite> <!-- testcases.loginTestcases -->
